{"C:\\Users\\user\\devops-lab\\server\\src\\app.js": {"path":"C:\\Users\\user\\devops-lab\\server\\src\\app.js","statementMap":{"0":{"start":{"line":1,"column":16},"end":{"line":1,"column":34}},"1":{"start":{"line":2,"column":16},"end":{"line":2,"column":44}},"2":{"start":{"line":3,"column":13},"end":{"line":3,"column":28}},"3":{"start":{"line":5,"column":12},"end":{"line":5,"column":21}},"4":{"start":{"line":6,"column":0},"end":{"line":6,"column":24}},"5":{"start":{"line":7,"column":0},"end":{"line":7,"column":16}},"6":{"start":{"line":10,"column":11},"end":{"line":17,"column":2}},"7":{"start":{"line":11,"column":2},"end":{"line":16,"column":3}},"8":{"start":{"line":12,"column":4},"end":{"line":12,"column":59}},"9":{"start":{"line":14,"column":4},"end":{"line":14,"column":51}},"10":{"start":{"line":15,"column":4},"end":{"line":15,"column":25}},"11":{"start":{"line":21,"column":2},"end":{"line":46,"column":5}},"12":{"start":{"line":29,"column":4},"end":{"line":45,"column":5}},"13":{"start":{"line":30,"column":6},"end":{"line":30,"column":61}},"14":{"start":{"line":33,"column":6},"end":{"line":44,"column":9}},"15":{"start":{"line":34,"column":8},"end":{"line":43,"column":9}},"16":{"start":{"line":35,"column":10},"end":{"line":38,"column":12}},"17":{"start":{"line":39,"column":10},"end":{"line":42,"column":12}},"18":{"start":{"line":51,"column":17},"end":{"line":51,"column":19}},"19":{"start":{"line":52,"column":2},"end":{"line":54,"column":3}},"20":{"start":{"line":53,"column":4},"end":{"line":53,"column":69}},"21":{"start":{"line":55,"column":2},"end":{"line":57,"column":3}},"22":{"start":{"line":56,"column":4},"end":{"line":56,"column":65}},"23":{"start":{"line":58,"column":2},"end":{"line":60,"column":3}},"24":{"start":{"line":59,"column":4},"end":{"line":59,"column":64}},"25":{"start":{"line":61,"column":2},"end":{"line":61,"column":16}},"26":{"start":{"line":65,"column":0},"end":{"line":72,"column":3}},"27":{"start":{"line":66,"column":2},"end":{"line":71,"column":5}},"28":{"start":{"line":67,"column":4},"end":{"line":69,"column":5}},"29":{"start":{"line":68,"column":6},"end":{"line":68,"column":58}},"30":{"start":{"line":70,"column":4},"end":{"line":70,"column":19}},"31":{"start":{"line":75,"column":0},"end":{"line":96,"column":3}},"32":{"start":{"line":76,"column":15},"end":{"line":76,"column":23}},"33":{"start":{"line":77,"column":17},"end":{"line":77,"column":35}},"34":{"start":{"line":79,"column":2},"end":{"line":81,"column":3}},"35":{"start":{"line":80,"column":4},"end":{"line":80,"column":44}},"36":{"start":{"line":83,"column":2},"end":{"line":95,"column":4}},"37":{"start":{"line":87,"column":6},"end":{"line":89,"column":7}},"38":{"start":{"line":88,"column":8},"end":{"line":88,"column":60}},"39":{"start":{"line":90,"column":6},"end":{"line":93,"column":9}},"40":{"start":{"line":99,"column":0},"end":{"line":121,"column":3}},"41":{"start":{"line":100,"column":13},"end":{"line":100,"column":26}},"42":{"start":{"line":101,"column":15},"end":{"line":101,"column":23}},"43":{"start":{"line":102,"column":17},"end":{"line":102,"column":35}},"44":{"start":{"line":104,"column":2},"end":{"line":106,"column":3}},"45":{"start":{"line":105,"column":4},"end":{"line":105,"column":44}},"46":{"start":{"line":108,"column":2},"end":{"line":120,"column":4}},"47":{"start":{"line":112,"column":6},"end":{"line":114,"column":7}},"48":{"start":{"line":113,"column":8},"end":{"line":113,"column":60}},"49":{"start":{"line":115,"column":6},"end":{"line":117,"column":7}},"50":{"start":{"line":116,"column":8},"end":{"line":116,"column":67}},"51":{"start":{"line":118,"column":6},"end":{"line":118,"column":32}},"52":{"start":{"line":124,"column":0},"end":{"line":139,"column":3}},"53":{"start":{"line":125,"column":13},"end":{"line":125,"column":26}},"54":{"start":{"line":126,"column":2},"end":{"line":138,"column":4}},"55":{"start":{"line":130,"column":6},"end":{"line":132,"column":7}},"56":{"start":{"line":131,"column":8},"end":{"line":131,"column":60}},"57":{"start":{"line":133,"column":6},"end":{"line":135,"column":7}},"58":{"start":{"line":134,"column":8},"end":{"line":134,"column":67}},"59":{"start":{"line":136,"column":6},"end":{"line":136,"column":26}},"60":{"start":{"line":142,"column":0},"end":{"line":144,"column":3}},"61":{"start":{"line":143,"column":2},"end":{"line":143,"column":55}},"62":{"start":{"line":147,"column":0},"end":{"line":150,"column":3}},"63":{"start":{"line":148,"column":2},"end":{"line":148,"column":27}},"64":{"start":{"line":149,"column":2},"end":{"line":149,"column":58}},"65":{"start":{"line":153,"column":13},"end":{"line":153,"column":37}},"66":{"start":{"line":154,"column":0},"end":{"line":156,"column":3}},"67":{"start":{"line":155,"column":2},"end":{"line":155,"column":71}},"68":{"start":{"line":158,"column":0},"end":{"line":158,"column":21}}},"fnMap":{"0":{"name":"(anonymous_0)","decl":{"start":{"line":10,"column":48},"end":{"line":10,"column":49}},"loc":{"start":{"line":10,"column":57},"end":{"line":17,"column":1}},"line":10},"1":{"name":"initializeDatabase","decl":{"start":{"line":20,"column":9},"end":{"line":20,"column":27}},"loc":{"start":{"line":20,"column":30},"end":{"line":47,"column":1}},"line":20},"2":{"name":"(anonymous_2)","decl":{"start":{"line":28,"column":5},"end":{"line":28,"column":6}},"loc":{"start":{"line":28,"column":14},"end":{"line":46,"column":3}},"line":28},"3":{"name":"(anonymous_3)","decl":{"start":{"line":33,"column":52},"end":{"line":33,"column":53}},"loc":{"start":{"line":33,"column":66},"end":{"line":44,"column":7}},"line":33},"4":{"name":"validateBook","decl":{"start":{"line":50,"column":9},"end":{"line":50,"column":21}},"loc":{"start":{"line":50,"column":28},"end":{"line":62,"column":1}},"line":50},"5":{"name":"(anonymous_5)","decl":{"start":{"line":65,"column":18},"end":{"line":65,"column":19}},"loc":{"start":{"line":65,"column":32},"end":{"line":72,"column":1}},"line":65},"6":{"name":"(anonymous_6)","decl":{"start":{"line":66,"column":36},"end":{"line":66,"column":37}},"loc":{"start":{"line":66,"column":51},"end":{"line":71,"column":3}},"line":66},"7":{"name":"(anonymous_7)","decl":{"start":{"line":75,"column":19},"end":{"line":75,"column":20}},"loc":{"start":{"line":75,"column":33},"end":{"line":96,"column":1}},"line":75},"8":{"name":"(anonymous_8)","decl":{"start":{"line":86,"column":4},"end":{"line":86,"column":5}},"loc":{"start":{"line":86,"column":18},"end":{"line":94,"column":5}},"line":86},"9":{"name":"(anonymous_9)","decl":{"start":{"line":99,"column":22},"end":{"line":99,"column":23}},"loc":{"start":{"line":99,"column":36},"end":{"line":121,"column":1}},"line":99},"10":{"name":"(anonymous_10)","decl":{"start":{"line":111,"column":4},"end":{"line":111,"column":5}},"loc":{"start":{"line":111,"column":18},"end":{"line":119,"column":5}},"line":111},"11":{"name":"(anonymous_11)","decl":{"start":{"line":124,"column":25},"end":{"line":124,"column":26}},"loc":{"start":{"line":124,"column":39},"end":{"line":139,"column":1}},"line":124},"12":{"name":"(anonymous_12)","decl":{"start":{"line":129,"column":4},"end":{"line":129,"column":5}},"loc":{"start":{"line":129,"column":18},"end":{"line":137,"column":5}},"line":129},"13":{"name":"(anonymous_13)","decl":{"start":{"line":142,"column":8},"end":{"line":142,"column":9}},"loc":{"start":{"line":142,"column":22},"end":{"line":144,"column":1}},"line":142},"14":{"name":"(anonymous_14)","decl":{"start":{"line":147,"column":8},"end":{"line":147,"column":9}},"loc":{"start":{"line":147,"column":33},"end":{"line":150,"column":1}},"line":147},"15":{"name":"(anonymous_15)","decl":{"start":{"line":154,"column":17},"end":{"line":154,"column":18}},"loc":{"start":{"line":154,"column":23},"end":{"line":156,"column":1}},"line":154}},"branchMap":{"0":{"loc":{"start":{"line":11,"column":2},"end":{"line":16,"column":3}},"type":"if","locations":[{"start":{"line":11,"column":2},"end":{"line":16,"column":3}},{"start":{"line":13,"column":9},"end":{"line":16,"column":3}}],"line":11},"1":{"loc":{"start":{"line":29,"column":4},"end":{"line":45,"column":5}},"type":"if","locations":[{"start":{"line":29,"column":4},"end":{"line":45,"column":5}},{"start":{"line":31,"column":11},"end":{"line":45,"column":5}}],"line":29},"2":{"loc":{"start":{"line":34,"column":8},"end":{"line":43,"column":9}},"type":"if","locations":[{"start":{"line":34,"column":8},"end":{"line":43,"column":9}},{"start":{},"end":{}}],"line":34},"3":{"loc":{"start":{"line":52,"column":2},"end":{"line":54,"column":3}},"type":"if","locations":[{"start":{"line":52,"column":2},"end":{"line":54,"column":3}},{"start":{},"end":{}}],"line":52},"4":{"loc":{"start":{"line":52,"column":6},"end":{"line":52,"column":42}},"type":"binary-expr","locations":[{"start":{"line":52,"column":6},"end":{"line":52,"column":17}},{"start":{"line":52,"column":21},"end":{"line":52,"column":42}}],"line":52},"5":{"loc":{"start":{"line":55,"column":2},"end":{"line":57,"column":3}},"type":"if","locations":[{"start":{"line":55,"column":2},"end":{"line":57,"column":3}},{"start":{},"end":{}}],"line":55},"6":{"loc":{"start":{"line":55,"column":6},"end":{"line":55,"column":44}},"type":"binary-expr","locations":[{"start":{"line":55,"column":6},"end":{"line":55,"column":18}},{"start":{"line":55,"column":22},"end":{"line":55,"column":44}}],"line":55},"7":{"loc":{"start":{"line":58,"column":2},"end":{"line":60,"column":3}},"type":"if","locations":[{"start":{"line":58,"column":2},"end":{"line":60,"column":3}},{"start":{},"end":{}}],"line":58},"8":{"loc":{"start":{"line":58,"column":6},"end":{"line":58,"column":53}},"type":"binary-expr","locations":[{"start":{"line":58,"column":6},"end":{"line":58,"column":16}},{"start":{"line":58,"column":20},"end":{"line":58,"column":36}},{"start":{"line":58,"column":40},"end":{"line":58,"column":53}}],"line":58},"9":{"loc":{"start":{"line":67,"column":4},"end":{"line":69,"column":5}},"type":"if","locations":[{"start":{"line":67,"column":4},"end":{"line":69,"column":5}},{"start":{},"end":{}}],"line":67},"10":{"loc":{"start":{"line":79,"column":2},"end":{"line":81,"column":3}},"type":"if","locations":[{"start":{"line":79,"column":2},"end":{"line":81,"column":3}},{"start":{},"end":{}}],"line":79},"11":{"loc":{"start":{"line":87,"column":6},"end":{"line":89,"column":7}},"type":"if","locations":[{"start":{"line":87,"column":6},"end":{"line":89,"column":7}},{"start":{},"end":{}}],"line":87},"12":{"loc":{"start":{"line":104,"column":2},"end":{"line":106,"column":3}},"type":"if","locations":[{"start":{"line":104,"column":2},"end":{"line":106,"column":3}},{"start":{},"end":{}}],"line":104},"13":{"loc":{"start":{"line":112,"column":6},"end":{"line":114,"column":7}},"type":"if","locations":[{"start":{"line":112,"column":6},"end":{"line":114,"column":7}},{"start":{},"end":{}}],"line":112},"14":{"loc":{"start":{"line":115,"column":6},"end":{"line":117,"column":7}},"type":"if","locations":[{"start":{"line":115,"column":6},"end":{"line":117,"column":7}},{"start":{},"end":{}}],"line":115},"15":{"loc":{"start":{"line":130,"column":6},"end":{"line":132,"column":7}},"type":"if","locations":[{"start":{"line":130,"column":6},"end":{"line":132,"column":7}},{"start":{},"end":{}}],"line":130},"16":{"loc":{"start":{"line":133,"column":6},"end":{"line":135,"column":7}},"type":"if","locations":[{"start":{"line":133,"column":6},"end":{"line":135,"column":7}},{"start":{},"end":{}}],"line":133},"17":{"loc":{"start":{"line":153,"column":13},"end":{"line":153,"column":37}},"type":"binary-expr","locations":[{"start":{"line":153,"column":13},"end":{"line":153,"column":29}},{"start":{"line":153,"column":33},"end":{"line":153,"column":37}}],"line":153}},"s":{"0":1,"1":1,"2":1,"3":1,"4":1,"5":1,"6":1,"7":1,"8":0,"9":1,"10":1,"11":1,"12":1,"13":0,"14":1,"15":1,"16":0,"17":0,"18":2,"19":2,"20":0,"21":2,"22":0,"23":2,"24":0,"25":2,"26":1,"27":1,"28":1,"29":0,"30":1,"31":1,"32":1,"33":1,"34":1,"35":0,"36":1,"37":1,"38":0,"39":1,"40":1,"41":1,"42":1,"43":1,"44":1,"45":0,"46":1,"47":1,"48":0,"49":1,"50":0,"51":1,"52":1,"53":1,"54":1,"55":1,"56":0,"57":1,"58":0,"59":1,"60":1,"61":0,"62":1,"63":0,"64":0,"65":1,"66":1,"67":1,"68":1},"f":{"0":1,"1":1,"2":1,"3":1,"4":2,"5":1,"6":1,"7":1,"8":1,"9":1,"10":1,"11":1,"12":1,"13":0,"14":0,"15":1},"b":{"0":[0,1],"1":[0,1],"2":[0,1],"3":[0,2],"4":[2,2],"5":[0,2],"6":[2,2],"7":[0,2],"8":[2,2,2],"9":[0,1],"10":[0,1],"11":[0,1],"12":[0,1],"13":[0,1],"14":[0,1],"15":[0,1],"16":[0,1],"17":[1,1]},"_coverageSchema":"1a1c01bbd47fc00a2c39e90264f33305004495a9","hash":"7bd673e5b05142f8c79cf9ccbfa3a60a1676577e"}
}
