TN:
SF:src\app.js
FN:10,(anonymous_0)
FN:20,initializeDatabase
FN:28,(anonymous_2)
FN:33,(anonymous_3)
FN:50,validateBook
FN:65,(anonymous_5)
FN:66,(anonymous_6)
FN:75,(anonymous_7)
FN:86,(anonymous_8)
FN:99,(anonymous_9)
FN:111,(anonymous_10)
FN:124,(anonymous_11)
FN:129,(anonymous_12)
FN:142,(anonymous_13)
FN:147,(anonymous_14)
FN:154,(anonymous_15)
FNF:16
FNH:14
FNDA:1,(anonymous_0)
FNDA:1,initializeDatabase
FNDA:1,(anonymous_2)
FNDA:1,(anonymous_3)
FNDA:2,validateBook
FNDA:1,(anonymous_5)
FNDA:1,(anonymous_6)
FNDA:1,(anonymous_7)
FNDA:1,(anonymous_8)
FNDA:1,(anonymous_9)
FNDA:1,(anonymous_10)
FNDA:1,(anonymous_11)
FNDA:1,(anonymous_12)
FNDA:0,(anonymous_13)
FNDA:0,(anonymous_14)
FNDA:1,(anonymous_15)
DA:1,1
DA:2,1
DA:3,1
DA:5,1
DA:6,1
DA:7,1
DA:10,1
DA:11,1
DA:12,0
DA:14,1
DA:15,1
DA:21,1
DA:29,1
DA:30,0
DA:33,1
DA:34,1
DA:35,0
DA:39,0
DA:51,2
DA:52,2
DA:53,0
DA:55,2
DA:56,0
DA:58,2
DA:59,0
DA:61,2
DA:65,1
DA:66,1
DA:67,1
DA:68,0
DA:70,1
DA:75,1
DA:76,1
DA:77,1
DA:79,1
DA:80,0
DA:83,1
DA:87,1
DA:88,0
DA:90,1
DA:99,1
DA:100,1
DA:101,1
DA:102,1
DA:104,1
DA:105,0
DA:108,1
DA:112,1
DA:113,0
DA:115,1
DA:116,0
DA:118,1
DA:124,1
DA:125,1
DA:126,1
DA:130,1
DA:131,0
DA:133,1
DA:134,0
DA:136,1
DA:142,1
DA:143,0
DA:147,1
DA:148,0
DA:149,0
DA:153,1
DA:154,1
DA:155,1
DA:158,1
LF:69
LH:51
BRDA:11,0,0,0
BRDA:11,0,1,1
BRDA:29,1,0,0
BRDA:29,1,1,1
BRDA:34,2,0,0
BRDA:34,2,1,1
BRDA:52,3,0,0
BRDA:52,3,1,2
BRDA:52,4,0,2
BRDA:52,4,1,2
BRDA:55,5,0,0
BRDA:55,5,1,2
BRDA:55,6,0,2
BRDA:55,6,1,2
BRDA:58,7,0,0
BRDA:58,7,1,2
BRDA:58,8,0,2
BRDA:58,8,1,2
BRDA:58,8,2,2
BRDA:67,9,0,0
BRDA:67,9,1,1
BRDA:79,10,0,0
BRDA:79,10,1,1
BRDA:87,11,0,0
BRDA:87,11,1,1
BRDA:104,12,0,0
BRDA:104,12,1,1
BRDA:112,13,0,0
BRDA:112,13,1,1
BRDA:115,14,0,0
BRDA:115,14,1,1
BRDA:130,15,0,0
BRDA:130,15,1,1
BRDA:133,16,0,0
BRDA:133,16,1,1
BRDA:153,17,0,1
BRDA:153,17,1,1
BRF:37
BRH:23
end_of_record
